c:\users\yanni\cs3113\cs3113-project4\project_4\project_4\debug\vc143.pdb
c:\users\yanni\cs3113\cs3113-project4\project_4\project_4\debug\vc143.idb
c:\users\yanni\cs3113\cs3113-project4\project_4\project_4\debug\utility.obj
c:\users\yanni\cs3113\cs3113-project4\project_4\project_4\debug\shaderprogram.obj
c:\users\yanni\cs3113\cs3113-project4\project_4\project_4\debug\scene.obj
c:\users\yanni\cs3113\cs3113-project4\project_4\project_4\debug\menuscene.obj
c:\users\yanni\cs3113\cs3113-project4\project_4\project_4\debug\main.obj
c:\users\yanni\cs3113\cs3113-project4\project_4\project_4\debug\levelc.obj
c:\users\yanni\cs3113\cs3113-project4\project_4\project_4\debug\levelb.obj
c:\users\yanni\cs3113\cs3113-project4\project_4\project_4\debug\levela.obj
c:\users\yanni\cs3113\cs3113-project4\project_4\project_4\debug\entity.obj
c:\users\yanni\cs3113\cs3113-project4\project_4\project_4\debug\map.obj
c:\users\yanni\cs3113\cs3113-project4\project_4\debug\project_4.exe
c:\users\yanni\cs3113\cs3113-project4\project_4\debug\project_4.pdb
c:\users\yanni\cs3113\cs3113-project4\project_4\project_4\debug\project_4.ilk
c:\users\yanni\cs3113\cs3113-project4\project_4\project_4\debug\project_4.tlog\cl.command.1.tlog
c:\users\yanni\cs3113\cs3113-project4\project_4\project_4\debug\project_4.tlog\cl.items.tlog
c:\users\yanni\cs3113\cs3113-project4\project_4\project_4\debug\project_4.tlog\cl.read.1.tlog
c:\users\yanni\cs3113\cs3113-project4\project_4\project_4\debug\project_4.tlog\cl.write.1.tlog
c:\users\yanni\cs3113\cs3113-project4\project_4\project_4\debug\project_4.tlog\link.command.1.tlog
c:\users\yanni\cs3113\cs3113-project4\project_4\project_4\debug\project_4.tlog\link.read.1.tlog
c:\users\yanni\cs3113\cs3113-project4\project_4\project_4\debug\project_4.tlog\link.secondary.1.tlog
c:\users\yanni\cs3113\cs3113-project4\project_4\project_4\debug\project_4.tlog\link.write.1.tlog
